[2026-03-18 19:19:07.501] [info] [serverUpdater] [thread 1] === Server Updater Starting ===
[2026-03-18 19:19:07.506] [info] [serverUpdater] [thread 1] [SERVER] Server started on port 8082
[2026-03-18 19:19:07.506] [info] [serverUpdater] [thread 1] [SERVER] Starting network controller
[2026-03-19 07:23:29.900] [info] [serverUpdater] [thread 1] === Server Updater Starting ===
[2026-03-19 07:23:29.903] [info] [serverUpdater] [thread 1] [SERVER] Server started on port 8082
[2026-03-19 07:23:29.904] [info] [serverUpdater] [thread 1] [SERVER] Starting network controller
[2026-03-19 20:38:56.400] [info] [serverUpdater] [thread 1] === Server Updater Starting ===
[2026-03-19 20:38:56.405] [info] [serverUpdater] [thread 1] [SERVER] Server started on port 8082
[2026-03-19 20:38:56.405] [info] [serverUpdater] [thread 1] [SERVER] Starting network controller
[2026-03-20 07:22:09.121] [info] [serverUpdater] [thread 1] === Server Updater Starting ===
[2026-03-20 07:22:09.129] [info] [serverUpdater] [thread 1] [SERVER] Server started on port 8082
[2026-03-20 07:22:09.129] [info] [serverUpdater] [thread 1] [SERVER] Starting network controller
[2026-03-20 07:40:31.941] [info] [serverUpdater] [thread 1] === Server Updater Starting ===
[2026-03-20 07:40:31.944] [info] [serverUpdater] [thread 1] [SERVER] Server started on port 8082
[2026-03-20 07:40:31.944] [info] [serverUpdater] [thread 1] [SERVER] Starting network controller
[2026-03-20 07:51:43.134] [info] [serverUpdater] [thread 7] [SERVER] New connection from 172.18.0.1:48510
[2026-03-20 07:51:43.138] [debug] [serverUpdater] [thread 7] Keepalive enabled (idle=3s, interval=1s, probes=3)
[2026-03-20 07:51:43.139] [info] [serverUpdater] [thread 7] [SERVER] New client connected (active connections: 1)
[2026-03-20 07:51:43.141] [debug] [serverUpdater] [thread 7] Handshake successful
[2026-03-20 07:51:43.146] [trace] [serverUpdater] [thread 7] Received packet header, type: 0, size: 39
[2026-03-20 07:51:43.146] [debug] [serverUpdater] [thread 1] [SERVER] Handling CHECK_UPDATES request
[2026-03-20 07:51:43.148] [info] [serverUpdater] [thread 1] Checking for updates, client version: 1.1.3
[2026-03-20 07:51:43.152] [info] [serverUpdater] [thread 1] Client is up to date (version: 1.1.3)
[2026-03-20 07:51:43.153] [trace] [serverUpdater] [thread 7] Packet sent successfully
[2026-03-20 07:51:46.173] [info] [serverUpdater] [thread 7] [SERVER] New connection from 172.18.0.1:48512
[2026-03-20 07:51:46.173] [debug] [serverUpdater] [thread 7] Keepalive enabled (idle=3s, interval=1s, probes=3)
[2026-03-20 07:51:46.173] [info] [serverUpdater] [thread 7] [SERVER] New client connected (active connections: 2)
[2026-03-20 07:51:46.174] [debug] [serverUpdater] [thread 7] Handshake successful
[2026-03-20 07:51:46.186] [trace] [serverUpdater] [thread 7] Received packet header, type: 0, size: 39
[2026-03-20 07:51:46.186] [debug] [serverUpdater] [thread 1] [SERVER] Handling CHECK_UPDATES request
[2026-03-20 07:51:46.186] [info] [serverUpdater] [thread 1] Checking for updates, client version: 1.1.3
[2026-03-20 07:51:46.188] [info] [serverUpdater] [thread 1] Client is up to date (version: 1.1.3)
[2026-03-20 07:51:46.188] [trace] [serverUpdater] [thread 7] Packet sent successfully
[2026-03-20 07:52:10.258] [debug] [serverUpdater] [thread 7] [SERVER] Connection error detected in readHeader: error 2 - disconnecting client
[2026-03-20 07:52:10.258] [info] [serverUpdater] [thread 7] [SERVER] Client disconnected (active connections: 1)
[2026-03-20 07:52:11.925] [debug] [serverUpdater] [thread 7] [SERVER] Connection error detected in readHeader: error 2 - disconnecting client
[2026-03-20 07:52:11.925] [info] [serverUpdater] [thread 7] [SERVER] Client disconnected (active connections: 0)
