[2026-03-18 19:19:07.488] [info] [server] [thread 1] [UDP] Media server initialized on port 8081
[2026-03-18 19:19:07.489] [info] [server] [thread 1] [UDP] Media server starting on port 8081
[2026-03-18 19:19:07.490] [info] [server] [thread 1] [TCP] Control server starting on port 8081
[2026-03-18 19:25:12.734] [info] [server] [thread 9] [TCP] New connection from 172.18.0.1:55364
[2026-03-18 19:25:12.734] [debug] [server] [thread 9] [TCP] Keepalive enabled (idle=3s, interval=1s, probes=3)
[2026-03-18 19:25:12.735] [debug] [server] [thread 9] [TCP] Active connections: 1
[2026-03-18 19:25:12.737] [error] [server] [thread 9] [TCP] Handshake read error: error 2
[2026-03-18 19:25:12.737] [info] [server] [thread 9] [TCP] Client disconnected (active: 0)
[2026-03-18 19:25:12.738] [debug] [server] [thread 9] [TCP] Disconnect: no user associated with connection (e.g. pre-auth or already reconnected)
[2026-03-18 19:25:27.262] [info] [server] [thread 9] [TCP] New connection from 172.18.0.1:35174
[2026-03-18 19:25:27.262] [debug] [server] [thread 9] [TCP] Keepalive enabled (idle=3s, interval=1s, probes=3)
[2026-03-18 19:25:27.262] [debug] [server] [thread 9] [TCP] Active connections: 1
[2026-03-18 19:25:27.264] [error] [server] [thread 9] [TCP] Handshake read error: error 2
[2026-03-18 19:25:27.265] [info] [server] [thread 9] [TCP] Client disconnected (active: 0)
[2026-03-18 19:25:27.265] [debug] [server] [thread 9] [TCP] Disconnect: no user associated with connection (e.g. pre-auth or already reconnected)
[2026-03-18 19:30:23.903] [info] [server] [thread 9] [TCP] New connection from 172.18.0.1:53850
[2026-03-18 19:30:23.904] [debug] [server] [thread 9] [TCP] Keepalive enabled (idle=3s, interval=1s, probes=3)
[2026-03-18 19:30:23.904] [debug] [server] [thread 9] [TCP] Active connections: 1
[2026-03-18 19:30:25.544] [info] [server] [thread 1] User authorized: CA978
[2026-03-18 19:30:29.915] [info] [server] [thread 1] User logout: CA978
[2026-03-18 19:30:30.119] [debug] [server] [thread 9] [TCP] Read header error: error 2 - disconnecting
[2026-03-18 19:30:30.119] [info] [server] [thread 9] [TCP] Client disconnected (active: 0)
[2026-03-18 19:30:30.119] [debug] [server] [thread 9] [TCP] Disconnect: no user associated with connection (e.g. pre-auth or already reconnected)
[2026-03-18 19:30:38.246] [info] [server] [thread 9] [TCP] New connection from 172.18.0.1:33700
[2026-03-18 19:30:38.247] [debug] [server] [thread 9] [TCP] Keepalive enabled (idle=3s, interval=1s, probes=3)
[2026-03-18 19:30:38.247] [debug] [server] [thread 9] [TCP] Active connections: 1
[2026-03-18 19:30:40.513] [info] [server] [thread 1] User authorized: CA978
[2026-03-18 19:31:15.024] [info] [server] [thread 9] [TCP] New connection from 172.18.0.1:52466
[2026-03-18 19:31:15.025] [debug] [server] [thread 9] [TCP] Keepalive enabled (idle=3s, interval=1s, probes=3)
[2026-03-18 19:31:15.025] [debug] [server] [thread 9] [TCP] Active connections: 2
[2026-03-18 19:31:15.681] [info] [server] [thread 1] User authorized: 3E23E
[2026-03-18 19:31:17.451] [info] [server] [thread 1] Call initiated from 3E23E to CA978
[2026-03-18 19:31:18.544] [info] [server] [thread 1] Call accepted: 3E23E -> CA978
[2026-03-18 19:31:21.512] [info] [server] [thread 1] Call ended: 3E23E ended call with CA978
[2026-03-18 19:31:29.805] [info] [server] [thread 1] User logout: CA978
[2026-03-18 19:31:30.253] [debug] [server] [thread 9] [TCP] Read header error: error 2 - disconnecting
[2026-03-18 19:31:30.253] [info] [server] [thread 9] [TCP] Client disconnected (active: 1)
[2026-03-18 19:31:30.253] [debug] [server] [thread 9] [TCP] Disconnect: no user associated with connection (e.g. pre-auth or already reconnected)
[2026-03-18 19:31:30.570] [info] [server] [thread 1] User logout: 3E23E
[2026-03-18 19:31:30.919] [debug] [server] [thread 9] [TCP] Read header error: error 2 - disconnecting
[2026-03-18 19:31:30.919] [info] [server] [thread 9] [TCP] Client disconnected (active: 0)
[2026-03-18 19:31:30.919] [debug] [server] [thread 9] [TCP] Disconnect: no user associated with connection (e.g. pre-auth or already reconnected)
[2026-03-18 19:53:50.109] [info] [server] [thread 9] [TCP] New connection from 172.18.0.1:54136
[2026-03-18 19:53:50.110] [debug] [server] [thread 9] [TCP] Keepalive enabled (idle=3s, interval=1s, probes=3)
[2026-03-18 19:53:50.110] [debug] [server] [thread 9] [TCP] Active connections: 1
[2026-03-18 19:53:51.150] [info] [server] [thread 1] User authorized: F6F2E
[2026-03-18 19:53:53.137] [info] [server] [thread 1] User logout: F6F2E
[2026-03-18 19:53:53.168] [debug] [server] [thread 9] [TCP] Read header error: error 2 - disconnecting
[2026-03-18 19:53:53.168] [info] [server] [thread 9] [TCP] Client disconnected (active: 0)
[2026-03-18 19:53:53.169] [debug] [server] [thread 9] [TCP] Disconnect: no user associated with connection (e.g. pre-auth or already reconnected)
[2026-03-18 19:54:05.962] [info] [server] [thread 9] [TCP] New connection from 172.18.0.1:38592
[2026-03-18 19:54:05.963] [debug] [server] [thread 9] [TCP] Keepalive enabled (idle=3s, interval=1s, probes=3)
[2026-03-18 19:54:05.963] [debug] [server] [thread 9] [TCP] Active connections: 1
[2026-03-18 19:54:07.195] [info] [server] [thread 1] User authorized: CA978
[2026-03-18 19:54:12.186] [info] [server] [thread 1] User logout: CA978
[2026-03-18 19:54:12.280] [debug] [server] [thread 9] [TCP] Read header error: error 2 - disconnecting
[2026-03-18 19:54:12.280] [info] [server] [thread 9] [TCP] Client disconnected (active: 0)
